<?xml version="1.0" encoding="UTF-8"?>
<!-- Generated by org.testng.reporters.JUnitXMLReporter -->
<testsuite ignored="12" hostname="DESKTOP-LE5A5LE" failures="0" tests="8" name="Test" time="76.32" errors="0" timestamp="2024-01-29T13:50:01 IST">
  <testcase classname="testjava.LoginToWebsite" name="LoginToAmazon" time="14.69"/>
  <testcase classname="testjava.ManageList" name="createListaaa" time="10.876"/>
  <testcase classname="testjava.ManageList" name="listmanage" time="9.067"/>
  <testcase classname="testjava.ManageList" name="delthelist" time="7.534"/>
  <testcase classname="testjava.addNewAdress" name="addNewdeliveryaddress" time="2.707">
    <skipped/>
  </testcase> <!-- addNewdeliveryaddress -->
  <testcase classname="testjava.addNewAdress" name="addNewdeliveryaddress" time="19.53"/>
  <testcase classname="testjava.addNewAdress" name="removeadress" time="2.922"/>
  <testcase classname="testjava.Logoutfromwebsite" name="logouttt" time="4.265"/>
  <testcase classname="testjava.BaseTest" name="@AfterTest afterTests" time="0.0">
    <ignored/>
  </testcase> <!-- @AfterTest afterTests -->
  <testcase classname="testjava.BaseTest" name="@AfterTest afterTests" time="0.0">
    <ignored/>
  </testcase> <!-- @AfterTest afterTests -->
  <testcase classname="testjava.BaseTest" name="@AfterTest afterTests" time="0.0">
    <ignored/>
  </testcase> <!-- @AfterTest afterTests -->
  <testcase classname="testjava.BaseTest" name="@BeforeSuite beforeeclass" time="0.0">
    <ignored/>
  </testcase> <!-- @BeforeSuite beforeeclass -->
  <testcase classname="testjava.BaseTest" name="@BeforeSuite beforeeclass" time="0.0">
    <ignored/>
  </testcase> <!-- @BeforeSuite beforeeclass -->
  <testcase classname="testjava.BaseTest" name="@BeforeSuite beforeeclass" time="0.0">
    <ignored/>
  </testcase> <!-- @BeforeSuite beforeeclass -->
  <testcase classname="testjava.BaseTest" name="@AfterSuite afterrclass" time="0.0">
    <ignored/>
  </testcase> <!-- @AfterSuite afterrclass -->
  <testcase classname="testjava.BaseTest" name="@AfterSuite afterrclass" time="0.0">
    <ignored/>
  </testcase> <!-- @AfterSuite afterrclass -->
  <testcase classname="testjava.BaseTest" name="@AfterSuite afterrclass" time="0.0">
    <ignored/>
  </testcase> <!-- @AfterSuite afterrclass -->
  <testcase classname="testjava.BaseTest" name="@BeforeTest beforeTests" time="0.0">
    <ignored/>
  </testcase> <!-- @BeforeTest beforeTests -->
  <testcase classname="testjava.BaseTest" name="@BeforeTest beforeTests" time="0.0">
    <ignored/>
  </testcase> <!-- @BeforeTest beforeTests -->
  <testcase classname="testjava.BaseTest" name="@BeforeTest beforeTests" time="0.0">
    <ignored/>
  </testcase> <!-- @BeforeTest beforeTests -->
</testsuite> <!-- Test -->
