<?xml version="1.0" encoding="UTF-8"?>
<testng-results ignored="0" total="1" passed="1" failed="0" skipped="0">
  <reporter-output>
  </reporter-output>
  <suite started-at="2024-03-01T19:59:51 IST" name="Suite" finished-at="2024-03-01T20:00:09 IST" duration-ms="18774">
    <groups>
    </groups>
    <test started-at="2024-03-01T19:59:51 IST" name="Test" finished-at="2024-03-01T20:00:09 IST" duration-ms="18774">
      <class name="testjava.LoginToWebsite">
        <test-method is-config="true" signature="beforeeclass(java.lang.String)[pri:0, instance:testjava.LoginToWebsite@4567f35d]" started-at="2024-03-01T19:59:33 IST" name="beforeeclass" finished-at="2024-03-01T19:59:51 IST" duration-ms="17920" status="PASS">
          <params>
            <param index="0">
              <value>
                <![CDATA[chrome]]>
              </value>
            </param>
          </params>
          <reporter-output>
          </reporter-output>
        </test-method> <!-- beforeeclass -->
        <test-method is-config="true" signature="beforeTests()[pri:0, instance:testjava.LoginToWebsite@4567f35d]" started-at="2024-03-01T19:59:51 IST" name="beforeTests" finished-at="2024-03-01T19:59:52 IST" duration-ms="974" status="PASS">
          <reporter-output>
          </reporter-output>
        </test-method> <!-- beforeTests -->
        <test-method is-config="true" signature="beforeMethods(java.lang.reflect.Method)[pri:0, instance:testjava.LoginToWebsite@4567f35d]" started-at="2024-03-01T19:59:52 IST" name="beforeMethods" finished-at="2024-03-01T19:59:52 IST" duration-ms="123" status="PASS">
          <params>
            <param index="0">
              <value>
                <![CDATA[public void testjava.LoginToWebsite.LoginToAmazon()]]>
              </value>
            </param>
          </params>
          <reporter-output>
          </reporter-output>
        </test-method> <!-- beforeMethods -->
        <test-method signature="LoginToAmazon()[pri:1, instance:testjava.LoginToWebsite@4567f35d]" started-at="2024-03-01T19:59:52 IST" name="LoginToAmazon" finished-at="2024-03-01T20:00:06 IST" duration-ms="14354" status="PASS">
          <reporter-output>
          </reporter-output>
        </test-method> <!-- LoginToAmazon -->
        <test-method is-config="true" signature="afterMethods(org.testng.ITestResult)[pri:0, instance:testjava.LoginToWebsite@4567f35d]" started-at="2024-03-01T20:00:06 IST" name="afterMethods" finished-at="2024-03-01T20:00:06 IST" duration-ms="13" status="PASS">
          <params>
            <param index="0">
              <value>
                <![CDATA[[TestResult name=LoginToAmazon status=SUCCESS method=LoginToWebsite.LoginToAmazon()[pri:1, instance:testjava.LoginToWebsite@4567f35d] output={null}]]]>
              </value>
            </param>
          </params>
          <reporter-output>
          </reporter-output>
        </test-method> <!-- afterMethods -->
        <test-method is-config="true" signature="afterTests()[pri:0, instance:testjava.LoginToWebsite@4567f35d]" started-at="2024-03-01T20:00:06 IST" name="afterTests" finished-at="2024-03-01T20:00:09 IST" duration-ms="2967" status="PASS">
          <reporter-output>
          </reporter-output>
        </test-method> <!-- afterTests -->
        <test-method is-config="true" signature="afterrclass()[pri:0, instance:testjava.LoginToWebsite@4567f35d]" started-at="2024-03-01T20:00:09 IST" name="afterrclass" finished-at="2024-03-01T20:00:11 IST" duration-ms="1462" status="PASS">
          <reporter-output>
          </reporter-output>
        </test-method> <!-- afterrclass -->
      </class> <!-- testjava.LoginToWebsite -->
    </test> <!-- Test -->
  </suite> <!-- Suite -->
</testng-results>
